# JRE version: Java(TM) SE Runtime Environment (8.0_181-b13) (build 1.8.0_181-b13)
# Java VM: Java HotSpot(TM) 64-Bit Server VM (25.181-b13 mixed mode windows-amd64 compressed oops)
Heap:
 PSYoungGen      total 139264K, used 33342K [0x00000000d5d80000, 0x00000000e0700000, 0x0000000100000000)
  eden space 128000K, 19% used [0x00000000d5d80000,0x00000000d757bef0,0x00000000dda80000)
  from space 11264K, 77% used [0x00000000dea80000,0x00000000df313950,0x00000000df580000)
  to   space 16384K, 0% used [0x00000000dda80000,0x00000000dda80000,0x00000000dea80000)
 ParOldGen       total 61952K, used 32035K [0x0000000081800000, 0x0000000085480000, 0x00000000d5d80000)
  object space 61952K, 51% used [0x0000000081800000,0x0000000083748df8,0x0000000085480000)
 Metaspace       used 37041K, capacity 38766K, committed 38912K, reserved 1087488K
  class space    used 4710K, capacity 5045K, committed 5120K, reserved 1048576K
GC Heap History (10 events):
Event: 10.979 GC heap before
{Heap before GC invocations=11 (full 1):
 PSYoungGen      total 144384K, used 54246K [0x00000000d5d80000, 0x00000000df880000, 0x0000000100000000)
  eden space 131584K, 31% used [0x00000000d5d80000,0x00000000d85fc458,0x00000000dde00000)
  from space 12800K, 99% used [0x00000000dde00000,0x00000000dea7d760,0x00000000dea80000)
  to   space 11264K, 0% used [0x00000000dea80000,0x00000000dea80000,0x00000000df580000)
 ParOldGen       total 61952K, used 23539K [0x0000000081800000, 0x0000000085480000, 0x00000000d5d80000)
  object space 61952K, 37% used [0x0000000081800000,0x0000000082efcfb0,0x0000000085480000)
 Metaspace       used 31282K, capacity 32574K, committed 32768K, reserved 1081344K
  class space    used 3951K, capacity 4245K, committed 4352K, reserved 1048576K
Event: 11.000 GC heap after
Heap after GC invocations=11 (full 1):
 PSYoungGen      total 142848K, used 10895K [0x00000000d5d80000, 0x00000000df880000, 0x0000000100000000)
  eden space 131584K, 0% used [0x00000000d5d80000,0x00000000d5d80000,0x00000000dde00000)
  from space 11264K, 96% used [0x00000000dea80000,0x00000000df523e28,0x00000000df580000)
  to   space 12800K, 0% used [0x00000000dde00000,0x00000000dde00000,0x00000000dea80000)
 ParOldGen       total 61952K, used 28970K [0x0000000081800000, 0x0000000085480000, 0x00000000d5d80000)
  object space 61952K, 46% used [0x0000000081800000,0x000000008344a990,0x0000000085480000)
 Metaspace       used 31282K, capacity 32574K, committed 32768K, reserved 1081344K
  class space    used 3951K, capacity 4245K, committed 4352K, reserved 1048576K
}
Event: 11.000 GC heap before
{Heap before GC invocations=12 (full 2):
 PSYoungGen      total 142848K, used 10895K [0x00000000d5d80000, 0x00000000df880000, 0x0000000100000000)
  eden space 131584K, 0% used [0x00000000d5d80000,0x00000000d5d80000,0x00000000dde00000)
  from space 11264K, 96% used [0x00000000dea80000,0x00000000df523e28,0x00000000df580000)
  to   space 12800K, 0% used [0x00000000dde00000,0x00000000dde00000,0x00000000dea80000)
 ParOldGen       total 61952K, used 28970K [0x0000000081800000, 0x0000000085480000, 0x00000000d5d80000)
  object space 61952K, 46% used [0x0000000081800000,0x000000008344a990,0x0000000085480000)
 Metaspace       used 31282K, capacity 32574K, committed 32768K, reserved 1081344K
  class space    used 3951K, capacity 4245K, committed 4352K, reserved 1048576K
Event: 11.180 GC heap after
Heap after GC invocations=12 (full 2):
 PSYoungGen      total 142848K, used 0K [0x00000000d5d80000, 0x00000000df880000, 0x0000000100000000)
  eden space 131584K, 0% used [0x00000000d5d80000,0x00000000d5d80000,0x00000000dde00000)
  from space 11264K, 0% used [0x00000000dea80000,0x00000000dea80000,0x00000000df580000)
  to   space 12800K, 0% used [0x00000000dde00000,0x00000000dde00000,0x00000000dea80000)
 ParOldGen       total 61952K, used 32466K [0x0000000081800000, 0x0000000085480000, 0x00000000d5d80000)
  object space 61952K, 52% used [0x0000000081800000,0x00000000837b4ab0,0x0000000085480000)
 Metaspace       used 31282K, capacity 32574K, committed 32768K, reserved 1079296K
  class space    used 3951K, capacity 4245K, committed 4352K, reserved 1048576K
}
Event: 11.294 GC heap before
{Heap before GC invocations=13 (full 2):
 PSYoungGen      total 142848K, used 8890K [0x00000000d5d80000, 0x00000000df880000, 0x0000000100000000)
  eden space 131584K, 6% used [0x00000000d5d80000,0x00000000d662e940,0x00000000dde00000)
  from space 11264K, 0% used [0x00000000dea80000,0x00000000dea80000,0x00000000df580000)
  to   space 12800K, 0% used [0x00000000dde00000,0x00000000dde00000,0x00000000dea80000)
 ParOldGen       total 61952K, used 32466K [0x0000000081800000, 0x0000000085480000, 0x00000000d5d80000)
  object space 61952K, 52% used [0x0000000081800000,0x00000000837b4ab0,0x0000000085480000)
 Metaspace       used 31534K, capacity 32820K, committed 33024K, reserved 1083392K
  class space    used 3983K, capacity 4254K, committed 4352K, reserved 1048576K
Event: 11.297 GC heap after
Heap after GC invocations=13 (full 2):
 PSYoungGen      total 144384K, used 807K [0x00000000d5d80000, 0x00000000df880000, 0x0000000100000000)
  eden space 131584K, 0% used [0x00000000d5d80000,0x00000000d5d80000,0x00000000dde00000)
  from space 12800K, 6% used [0x00000000dde00000,0x00000000ddec9e98,0x00000000dea80000)
  to   space 11264K, 0% used [0x00000000dea80000,0x00000000dea80000,0x00000000df580000)
 ParOldGen       total 61952K, used 32474K [0x0000000081800000, 0x0000000085480000, 0x00000000d5d80000)
  object space 61952K, 52% used [0x0000000081800000,0x00000000837b6ab0,0x0000000085480000)
 Metaspace       used 31534K, capacity 32820K, committed 33024K, reserved 1083392K
  class space    used 3983K, capacity 4254K, committed 4352K, reserved 1048576K
}
Event: 11.297 GC heap before
{Heap before GC invocations=14 (full 3):
 PSYoungGen      total 144384K, used 807K [0x00000000d5d80000, 0x00000000df880000, 0x0000000100000000)
  eden space 131584K, 0% used [0x00000000d5d80000,0x00000000d5d80000,0x00000000dde00000)
  from space 12800K, 6% used [0x00000000dde00000,0x00000000ddec9e98,0x00000000dea80000)
  to   space 11264K, 0% used [0x00000000dea80000,0x00000000dea80000,0x00000000df580000)
 ParOldGen       total 61952K, used 32474K [0x0000000081800000, 0x0000000085480000, 0x00000000d5d80000)
  object space 61952K, 52% used [0x0000000081800000,0x00000000837b6ab0,0x0000000085480000)
 Metaspace       used 31534K, capacity 32820K, committed 33024K, reserved 1083392K
  class space    used 3983K, capacity 4254K, committed 4352K, reserved 1048576K
Event: 11.515 GC heap after
Heap after GC invocations=14 (full 3):
 PSYoungGen      total 144384K, used 0K [0x00000000d5d80000, 0x00000000df880000, 0x0000000100000000)
  eden space 131584K, 0% used [0x00000000d5d80000,0x00000000d5d80000,0x00000000dde00000)
  from space 12800K, 0% used [0x00000000dde00000,0x00000000dde00000,0x00000000dea80000)
  to   space 11264K, 0% used [0x00000000dea80000,0x00000000dea80000,0x00000000df580000)
 ParOldGen       total 61952K, used 32027K [0x0000000081800000, 0x0000000085480000, 0x00000000d5d80000)
  object space 61952K, 51% used [0x0000000081800000,0x0000000083746df8,0x0000000085480000)
 Metaspace       used 31534K, capacity 32820K, committed 33024K, reserved 1081344K
  class space    used 3983K, capacity 4254K, committed 4352K, reserved 1048576K
}
Event: 13.107 GC heap before
{Heap before GC invocations=15 (full 3):
 PSYoungGen      total 144384K, used 131584K [0x00000000d5d80000, 0x00000000df880000, 0x0000000100000000)
  eden space 131584K, 100% used [0x00000000d5d80000,0x00000000dde00000,0x00000000dde00000)
  from space 12800K, 0% used [0x00000000dde00000,0x00000000dde00000,0x00000000dea80000)
  to   space 11264K, 0% used [0x00000000dea80000,0x00000000dea80000,0x00000000df580000)
 ParOldGen       total 61952K, used 32027K [0x0000000081800000, 0x0000000085480000, 0x00000000d5d80000)
  object space 61952K, 51% used [0x0000000081800000,0x0000000083746df8,0x0000000085480000)
 Metaspace       used 36587K, capacity 38286K, committed 38528K, reserved 1087488K
  class space    used 4642K, capacity 4975K, committed 4992K, reserved 1048576K
Event: 13.120 GC heap after
Heap after GC invocations=15 (full 3):
 PSYoungGen      total 139264K, used 8782K [0x00000000d5d80000, 0x00000000e0700000, 0x0000000100000000)
  eden space 128000K, 0% used [0x00000000d5d80000,0x00000000d5d80000,0x00000000dda80000)
  from space 11264K, 77% used [0x00000000dea80000,0x00000000df313950,0x00000000df580000)
  to   space 16384K, 0% used [0x00000000dda80000,0x00000000dda80000,0x00000000dea80000)
 ParOldGen       total 61952K, used 32035K [0x0000000081800000, 0x0000000085480000, 0x00000000d5d80000)
  object space 61952K, 51% used [0x0000000081800000,0x0000000083748df8,0x0000000085480000)
 Metaspace       used 36587K, capacity 38286K, committed 38528K, reserved 1087488K
  class space    used 4642K, capacity 4975K, committed 4992K, reserved 1048576K
}

